
ROM used:   147/8192 (2%)
            147/8192 (2%) including unused fragments

            0.2 Average locations per line
            8.6 Average locations per statement

RAM used:   21/368 (6%) at main() level
            31/368 (8%) worst case

Stack used: 0 worst case (0 in main + 0 for interrupts)
Stack size: 8

Lines Stmts  %   Files
----- ----- ---  -----
   37    17 100  main.c
   11     0   0  main.h
  661     0   0  ..\..\..\..\Program Files (x86)\PICC\Devices\16F877A.h
----- -----
  709    17 Total

Page ROM  %  RAM   Vol Diff  Functions:
---- --- --- ---   --- ----  ----------
 Inline         1             @delay_ms1
0     75  51   10   377  4.8  yazdir
0     68  46    0   149  1.8  MAIN
 Inline         0             @cinit1

Program metrics:
    Functions               2
    Statements              17
    Comments                112
    Volume (V)              626
    Difficulty (D)          6.3
    Effort to implement (E) 3954
    Time to implement (T)   4 minutes
    Est Delivered Bugs (B)  0
    Cyclomatic Complexity   2
    Maintainability (MI)    65

 Segment     Used  Free
-----------  ----  ----
00000-00003     4  0  
00004-007FF   143  1901  
00800-00FFF     0  2048  
01000-017FF     0  2048  
01800-01FFF     0  2048  



